CRITICAL - 2020-11-11 17:17:16 --> Use of undefined constant CI_VERSION - assumed 'CI_VERSION' (this will throw an Error in a future version of PHP)
#0 /var/www/CodeIgni4/app/Views/dino/info.php(6): CodeIgniter\Debug\Exceptions->errorHandler()
#1 /var/www/CodeIgni4/vendor/codeigniter4/framework/system/View/View.php(246): include('/var/www/CodeIg...')
#2 /var/www/CodeIgni4/vendor/codeigniter4/framework/system/Common.php(1119): CodeIgniter\View\View->render()
#3 /var/www/CodeIgni4/app/Controllers/Dino.php(20): view()
#4 /var/www/CodeIgni4/vendor/codeigniter4/framework/system/CodeIgniter.php(920): App\Controllers\Dino->index()
#5 /var/www/CodeIgni4/vendor/codeigniter4/framework/system/CodeIgniter.php(406): CodeIgniter\CodeIgniter->runController()
#6 /var/www/CodeIgni4/vendor/codeigniter4/framework/system/CodeIgniter.php(314): CodeIgniter\CodeIgniter->handleRequest()
#7 /var/www/CodeIgni4/public/index.php(45): CodeIgniter\CodeIgniter->run()
#8 /var/www/CodeIgni4/vendor/codeigniter4/framework/system/Commands/Server/rewrite.php(34): require_once('/var/www/CodeIg...')
#9 {main}
CRITICAL - 2020-11-11 17:17:19 --> Use of undefined constant CI_VERSION - assumed 'CI_VERSION' (this will throw an Error in a future version of PHP)
#0 /var/www/CodeIgni4/app/Views/dino/info.php(6): CodeIgniter\Debug\Exceptions->errorHandler()
#1 /var/www/CodeIgni4/vendor/codeigniter4/framework/system/View/View.php(246): include('/var/www/CodeIg...')
#2 /var/www/CodeIgni4/vendor/codeigniter4/framework/system/Common.php(1119): CodeIgniter\View\View->render()
#3 /var/www/CodeIgni4/app/Controllers/Dino.php(20): view()
#4 /var/www/CodeIgni4/vendor/codeigniter4/framework/system/CodeIgniter.php(920): App\Controllers\Dino->index()
#5 /var/www/CodeIgni4/vendor/codeigniter4/framework/system/CodeIgniter.php(406): CodeIgniter\CodeIgniter->runController()
#6 /var/www/CodeIgni4/vendor/codeigniter4/framework/system/CodeIgniter.php(314): CodeIgniter\CodeIgniter->handleRequest()
#7 /var/www/CodeIgni4/public/index.php(45): CodeIgniter\CodeIgniter->run()
#8 /var/www/CodeIgni4/vendor/codeigniter4/framework/system/Commands/Server/rewrite.php(34): require_once('/var/www/CodeIg...')
#9 {main}
CRITICAL - 2020-11-11 17:17:20 --> Use of undefined constant CI_VERSION - assumed 'CI_VERSION' (this will throw an Error in a future version of PHP)
#0 /var/www/CodeIgni4/app/Views/dino/info.php(6): CodeIgniter\Debug\Exceptions->errorHandler()
#1 /var/www/CodeIgni4/vendor/codeigniter4/framework/system/View/View.php(246): include('/var/www/CodeIg...')
#2 /var/www/CodeIgni4/vendor/codeigniter4/framework/system/Common.php(1119): CodeIgniter\View\View->render()
#3 /var/www/CodeIgni4/app/Controllers/Dino.php(20): view()
#4 /var/www/CodeIgni4/vendor/codeigniter4/framework/system/CodeIgniter.php(920): App\Controllers\Dino->index()
#5 /var/www/CodeIgni4/vendor/codeigniter4/framework/system/CodeIgniter.php(406): CodeIgniter\CodeIgniter->runController()
#6 /var/www/CodeIgni4/vendor/codeigniter4/framework/system/CodeIgniter.php(314): CodeIgniter\CodeIgniter->handleRequest()
#7 /var/www/CodeIgni4/public/index.php(45): CodeIgniter\CodeIgniter->run()
#8 /var/www/CodeIgni4/vendor/codeigniter4/framework/system/Commands/Server/rewrite.php(34): require_once('/var/www/CodeIg...')
#9 {main}
CRITICAL - 2020-11-11 17:18:00 --> Use of undefined constant CI_VERSION - assumed 'CI_VERSION' (this will throw an Error in a future version of PHP)
#0 /var/www/CodeIgni4/app/Views/dino/info.php(9): CodeIgniter\Debug\Exceptions->errorHandler()
#1 /var/www/CodeIgni4/vendor/codeigniter4/framework/system/View/View.php(246): include('/var/www/CodeIg...')
#2 /var/www/CodeIgni4/vendor/codeigniter4/framework/system/Common.php(1119): CodeIgniter\View\View->render()
#3 /var/www/CodeIgni4/app/Controllers/Dino.php(20): view()
#4 /var/www/CodeIgni4/vendor/codeigniter4/framework/system/CodeIgniter.php(920): App\Controllers\Dino->index()
#5 /var/www/CodeIgni4/vendor/codeigniter4/framework/system/CodeIgniter.php(406): CodeIgniter\CodeIgniter->runController()
#6 /var/www/CodeIgni4/vendor/codeigniter4/framework/system/CodeIgniter.php(314): CodeIgniter\CodeIgniter->handleRequest()
#7 /var/www/CodeIgni4/public/index.php(45): CodeIgniter\CodeIgniter->run()
#8 /var/www/CodeIgni4/vendor/codeigniter4/framework/system/Commands/Server/rewrite.php(34): require_once('/var/www/CodeIg...')
#9 {main}
