CRITICAL - 2020-10-18 10:55:12 --> Call to undefined method CodeIgniter\Database\MySQLi\Result::result_array()
#0 /var/www/CodeIgni4/vendor/codeigniter4/framework/system/CodeIgniter.php(918): App\Controllers\Dino->index('dino', 'index')
#1 /var/www/CodeIgni4/vendor/codeigniter4/framework/system/CodeIgniter.php(404): CodeIgniter\CodeIgniter->runController(Object(App\Controllers\Dino))
#2 /var/www/CodeIgni4/vendor/codeigniter4/framework/system/CodeIgniter.php(312): CodeIgniter\CodeIgniter->handleRequest(NULL, Object(Config\Cache), false)
#3 /var/www/CodeIgni4/public/index.php(45): CodeIgniter\CodeIgniter->run()
#4 /var/www/CodeIgni4/vendor/codeigniter4/framework/system/Commands/Server/rewrite.php(34): require_once('/var/www/CodeIg...')
#5 {main}
CRITICAL - 2020-10-18 10:59:25 --> Invalid argument supplied for foreach()
#0 /var/www/CodeIgni4/app/Views/dino/info.php(2): CodeIgniter\Debug\Exceptions->errorHandler(2, 'Invalid argumen...', '/var/www/CodeIg...', 2, Array)
#1 /var/www/CodeIgni4/vendor/codeigniter4/framework/system/View/View.php(246): include('/var/www/CodeIg...')
#2 /var/www/CodeIgni4/vendor/codeigniter4/framework/system/Common.php(1119): CodeIgniter\View\View->render('dino/info', Array, true)
#3 /var/www/CodeIgni4/app/Controllers/Dino.php(18): view('dino/info', Array)
#4 /var/www/CodeIgni4/vendor/codeigniter4/framework/system/CodeIgniter.php(918): App\Controllers\Dino->index('dino', 'index')
#5 /var/www/CodeIgni4/vendor/codeigniter4/framework/system/CodeIgniter.php(404): CodeIgniter\CodeIgniter->runController(Object(App\Controllers\Dino))
#6 /var/www/CodeIgni4/vendor/codeigniter4/framework/system/CodeIgniter.php(312): CodeIgniter\CodeIgniter->handleRequest(NULL, Object(Config\Cache), false)
#7 /var/www/CodeIgni4/public/index.php(45): CodeIgniter\CodeIgniter->run()
#8 /var/www/CodeIgni4/vendor/codeigniter4/framework/system/Commands/Server/rewrite.php(34): require_once('/var/www/CodeIg...')
#9 {main}
CRITICAL - 2020-10-18 10:59:40 --> Cannot use object of type stdClass as array
#0 /var/www/CodeIgni4/vendor/codeigniter4/framework/system/View/View.php(246): include()
#1 /var/www/CodeIgni4/vendor/codeigniter4/framework/system/Common.php(1119): CodeIgniter\View\View->render('dino/info', Array, true)
#2 /var/www/CodeIgni4/app/Controllers/Dino.php(18): view('dino/info', Array)
#3 /var/www/CodeIgni4/vendor/codeigniter4/framework/system/CodeIgniter.php(918): App\Controllers\Dino->index('dino', 'index')
#4 /var/www/CodeIgni4/vendor/codeigniter4/framework/system/CodeIgniter.php(404): CodeIgniter\CodeIgniter->runController(Object(App\Controllers\Dino))
#5 /var/www/CodeIgni4/vendor/codeigniter4/framework/system/CodeIgniter.php(312): CodeIgniter\CodeIgniter->handleRequest(NULL, Object(Config\Cache), false)
#6 /var/www/CodeIgni4/public/index.php(45): CodeIgniter\CodeIgniter->run()
#7 /var/www/CodeIgni4/vendor/codeigniter4/framework/system/Commands/Server/rewrite.php(34): require_once('/var/www/CodeIg...')
#8 {main}
CRITICAL - 2020-10-18 11:00:34 --> Cannot use object of type stdClass as array
#0 /var/www/CodeIgni4/vendor/codeigniter4/framework/system/View/View.php(246): include()
#1 /var/www/CodeIgni4/vendor/codeigniter4/framework/system/Common.php(1119): CodeIgniter\View\View->render('dino/info', Array, true)
#2 /var/www/CodeIgni4/app/Controllers/Dino.php(18): view('dino/info', Array)
#3 /var/www/CodeIgni4/vendor/codeigniter4/framework/system/CodeIgniter.php(918): App\Controllers\Dino->index('dino', 'index')
#4 /var/www/CodeIgni4/vendor/codeigniter4/framework/system/CodeIgniter.php(404): CodeIgniter\CodeIgniter->runController(Object(App\Controllers\Dino))
#5 /var/www/CodeIgni4/vendor/codeigniter4/framework/system/CodeIgniter.php(312): CodeIgniter\CodeIgniter->handleRequest(NULL, Object(Config\Cache), false)
#6 /var/www/CodeIgni4/public/index.php(45): CodeIgniter\CodeIgniter->run()
#7 /var/www/CodeIgni4/vendor/codeigniter4/framework/system/Commands/Server/rewrite.php(34): require_once('/var/www/CodeIg...')
#8 {main}
CRITICAL - 2020-10-18 11:01:34 --> Cannot use object of type stdClass as array
#0 /var/www/CodeIgni4/vendor/codeigniter4/framework/system/View/View.php(246): include()
#1 /var/www/CodeIgni4/vendor/codeigniter4/framework/system/Common.php(1119): CodeIgniter\View\View->render('dino/info', Array, true)
#2 /var/www/CodeIgni4/app/Controllers/Dino.php(18): view('dino/info', Array)
#3 /var/www/CodeIgni4/vendor/codeigniter4/framework/system/CodeIgniter.php(918): App\Controllers\Dino->index('dino', 'index')
#4 /var/www/CodeIgni4/vendor/codeigniter4/framework/system/CodeIgniter.php(404): CodeIgniter\CodeIgniter->runController(Object(App\Controllers\Dino))
#5 /var/www/CodeIgni4/vendor/codeigniter4/framework/system/CodeIgniter.php(312): CodeIgniter\CodeIgniter->handleRequest(NULL, Object(Config\Cache), false)
#6 /var/www/CodeIgni4/public/index.php(45): CodeIgniter\CodeIgniter->run()
#7 /var/www/CodeIgni4/vendor/codeigniter4/framework/system/Commands/Server/rewrite.php(34): require_once('/var/www/CodeIg...')
#8 {main}
CRITICAL - 2020-10-18 11:01:56 --> Object of class stdClass could not be converted to string
#0 /var/www/CodeIgni4/app/Views/dino/info.php(4): CodeIgniter\Debug\Exceptions->errorHandler(4096, 'Object of class...', '/var/www/CodeIg...', 4, Array)
#1 /var/www/CodeIgni4/vendor/codeigniter4/framework/system/View/View.php(246): include('/var/www/CodeIg...')
#2 /var/www/CodeIgni4/vendor/codeigniter4/framework/system/Common.php(1119): CodeIgniter\View\View->render('dino/info', Array, true)
#3 /var/www/CodeIgni4/app/Controllers/Dino.php(18): view('dino/info', Array)
#4 /var/www/CodeIgni4/vendor/codeigniter4/framework/system/CodeIgniter.php(918): App\Controllers\Dino->index('dino', 'index')
#5 /var/www/CodeIgni4/vendor/codeigniter4/framework/system/CodeIgniter.php(404): CodeIgniter\CodeIgniter->runController(Object(App\Controllers\Dino))
#6 /var/www/CodeIgni4/vendor/codeigniter4/framework/system/CodeIgniter.php(312): CodeIgniter\CodeIgniter->handleRequest(NULL, Object(Config\Cache), false)
#7 /var/www/CodeIgni4/public/index.php(45): CodeIgniter\CodeIgniter->run()
#8 /var/www/CodeIgni4/vendor/codeigniter4/framework/system/Commands/Server/rewrite.php(34): require_once('/var/www/CodeIg...')
#9 {main}
CRITICAL - 2020-10-18 13:12:58 --> syntax error, unexpected end of file
#0 /var/www/CodeIgni4/vendor/codeigniter4/framework/system/Common.php(1119): CodeIgniter\View\View->render('dino/squelette', Array, true)
#1 /var/www/CodeIgni4/app/Controllers/Dino.php(69): view('dino/squelette', Array)
#2 /var/www/CodeIgni4/vendor/codeigniter4/framework/system/CodeIgniter.php(918): App\Controllers\Dino->ossement('1', '')
#3 /var/www/CodeIgni4/vendor/codeigniter4/framework/system/CodeIgniter.php(404): CodeIgniter\CodeIgniter->runController(Object(App\Controllers\Dino))
#4 /var/www/CodeIgni4/vendor/codeigniter4/framework/system/CodeIgniter.php(312): CodeIgniter\CodeIgniter->handleRequest(NULL, Object(Config\Cache), false)
#5 /var/www/CodeIgni4/public/index.php(45): CodeIgniter\CodeIgniter->run()
#6 /var/www/CodeIgni4/vendor/codeigniter4/framework/system/Commands/Server/rewrite.php(34): require_once('/var/www/CodeIg...')
#7 {main}
CRITICAL - 2020-10-18 13:12:58 --> syntax error, unexpected end of file
#0 /var/www/CodeIgni4/vendor/codeigniter4/framework/system/Common.php(1119): CodeIgniter\View\View->render('dino/squelette', Array, true)
#1 /var/www/CodeIgni4/app/Controllers/Dino.php(69): view('dino/squelette', Array)
#2 /var/www/CodeIgni4/vendor/codeigniter4/framework/system/CodeIgniter.php(918): App\Controllers\Dino->ossement('style.css', '')
#3 /var/www/CodeIgni4/vendor/codeigniter4/framework/system/CodeIgniter.php(404): CodeIgniter\CodeIgniter->runController(Object(App\Controllers\Dino))
#4 /var/www/CodeIgni4/vendor/codeigniter4/framework/system/CodeIgniter.php(312): CodeIgniter\CodeIgniter->handleRequest(NULL, Object(Config\Cache), false)
#5 /var/www/CodeIgni4/public/index.php(45): CodeIgniter\CodeIgniter->run()
#6 /var/www/CodeIgni4/vendor/codeigniter4/framework/system/Commands/Server/rewrite.php(34): require_once('/var/www/CodeIg...')
#7 {main}
CRITICAL - 2020-10-18 13:43:41 --> Call to a member function getSegment() on null
#0 /var/www/CodeIgni4/vendor/codeigniter4/framework/system/View/View.php(246): include()
#1 /var/www/CodeIgni4/vendor/codeigniter4/framework/system/Common.php(1119): CodeIgniter\View\View->render('dino/notes', Array, true)
#2 /var/www/CodeIgni4/app/Controllers/Dino.php(98): view('dino/notes', Array)
#3 /var/www/CodeIgni4/vendor/codeigniter4/framework/system/CodeIgniter.php(918): App\Controllers\Dino->notes('2', '')
#4 /var/www/CodeIgni4/vendor/codeigniter4/framework/system/CodeIgniter.php(404): CodeIgniter\CodeIgniter->runController(Object(App\Controllers\Dino))
#5 /var/www/CodeIgni4/vendor/codeigniter4/framework/system/CodeIgniter.php(312): CodeIgniter\CodeIgniter->handleRequest(NULL, Object(Config\Cache), false)
#6 /var/www/CodeIgni4/public/index.php(45): CodeIgniter\CodeIgniter->run()
#7 /var/www/CodeIgni4/vendor/codeigniter4/framework/system/Commands/Server/rewrite.php(34): require_once('/var/www/CodeIg...')
#8 {main}
CRITICAL - 2020-10-18 13:43:41 --> Call to a member function getSegment() on null
#0 /var/www/CodeIgni4/vendor/codeigniter4/framework/system/View/View.php(246): include()
#1 /var/www/CodeIgni4/vendor/codeigniter4/framework/system/Common.php(1119): CodeIgniter\View\View->render('dino/notes', Array, true)
#2 /var/www/CodeIgni4/app/Controllers/Dino.php(98): view('dino/notes', Array)
#3 /var/www/CodeIgni4/vendor/codeigniter4/framework/system/CodeIgniter.php(918): App\Controllers\Dino->notes('style.css', '')
#4 /var/www/CodeIgni4/vendor/codeigniter4/framework/system/CodeIgniter.php(404): CodeIgniter\CodeIgniter->runController(Object(App\Controllers\Dino))
#5 /var/www/CodeIgni4/vendor/codeigniter4/framework/system/CodeIgniter.php(312): CodeIgniter\CodeIgniter->handleRequest(NULL, Object(Config\Cache), false)
#6 /var/www/CodeIgni4/public/index.php(45): CodeIgniter\CodeIgniter->run()
#7 /var/www/CodeIgni4/vendor/codeigniter4/framework/system/Commands/Server/rewrite.php(34): require_once('/var/www/CodeIg...')
#8 {main}
CRITICAL - 2020-10-18 13:43:59 --> Call to a member function getSegment() on null
#0 /var/www/CodeIgni4/vendor/codeigniter4/framework/system/View/View.php(246): include()
#1 /var/www/CodeIgni4/vendor/codeigniter4/framework/system/Common.php(1119): CodeIgniter\View\View->render('dino/notes', Array, true)
#2 /var/www/CodeIgni4/app/Controllers/Dino.php(98): view('dino/notes', Array)
#3 /var/www/CodeIgni4/vendor/codeigniter4/framework/system/CodeIgniter.php(918): App\Controllers\Dino->notes('2', '')
#4 /var/www/CodeIgni4/vendor/codeigniter4/framework/system/CodeIgniter.php(404): CodeIgniter\CodeIgniter->runController(Object(App\Controllers\Dino))
#5 /var/www/CodeIgni4/vendor/codeigniter4/framework/system/CodeIgniter.php(312): CodeIgniter\CodeIgniter->handleRequest(NULL, Object(Config\Cache), false)
#6 /var/www/CodeIgni4/public/index.php(45): CodeIgniter\CodeIgniter->run()
#7 /var/www/CodeIgni4/vendor/codeigniter4/framework/system/Commands/Server/rewrite.php(34): require_once('/var/www/CodeIg...')
#8 {main}
CRITICAL - 2020-10-18 13:43:59 --> Call to a member function getSegment() on null
#0 /var/www/CodeIgni4/vendor/codeigniter4/framework/system/View/View.php(246): include()
#1 /var/www/CodeIgni4/vendor/codeigniter4/framework/system/Common.php(1119): CodeIgniter\View\View->render('dino/notes', Array, true)
#2 /var/www/CodeIgni4/app/Controllers/Dino.php(98): view('dino/notes', Array)
#3 /var/www/CodeIgni4/vendor/codeigniter4/framework/system/CodeIgniter.php(918): App\Controllers\Dino->notes('style.css', '')
#4 /var/www/CodeIgni4/vendor/codeigniter4/framework/system/CodeIgniter.php(404): CodeIgniter\CodeIgniter->runController(Object(App\Controllers\Dino))
#5 /var/www/CodeIgni4/vendor/codeigniter4/framework/system/CodeIgniter.php(312): CodeIgniter\CodeIgniter->handleRequest(NULL, Object(Config\Cache), false)
#6 /var/www/CodeIgni4/public/index.php(45): CodeIgniter\CodeIgniter->run()
#7 /var/www/CodeIgni4/vendor/codeigniter4/framework/system/Commands/Server/rewrite.php(34): require_once('/var/www/CodeIg...')
#8 {main}
CRITICAL - 2020-10-18 13:44:23 --> Use of undefined constant site_url - assumed 'site_url' (this will throw an Error in a future version of PHP)
#0 /var/www/CodeIgni4/app/Views/dino/notes.php(15): CodeIgniter\Debug\Exceptions->errorHandler(2, 'Use of undefine...', '/var/www/CodeIg...', 15, Array)
#1 /var/www/CodeIgni4/vendor/codeigniter4/framework/system/View/View.php(246): include('/var/www/CodeIg...')
#2 /var/www/CodeIgni4/vendor/codeigniter4/framework/system/Common.php(1119): CodeIgniter\View\View->render('dino/notes', Array, true)
#3 /var/www/CodeIgni4/app/Controllers/Dino.php(98): view('dino/notes', Array)
#4 /var/www/CodeIgni4/vendor/codeigniter4/framework/system/CodeIgniter.php(918): App\Controllers\Dino->notes('2', '')
#5 /var/www/CodeIgni4/vendor/codeigniter4/framework/system/CodeIgniter.php(404): CodeIgniter\CodeIgniter->runController(Object(App\Controllers\Dino))
#6 /var/www/CodeIgni4/vendor/codeigniter4/framework/system/CodeIgniter.php(312): CodeIgniter\CodeIgniter->handleRequest(NULL, Object(Config\Cache), false)
#7 /var/www/CodeIgni4/public/index.php(45): CodeIgniter\CodeIgniter->run()
#8 /var/www/CodeIgni4/vendor/codeigniter4/framework/system/Commands/Server/rewrite.php(34): require_once('/var/www/CodeIg...')
#9 {main}
CRITICAL - 2020-10-18 13:44:23 --> Use of undefined constant site_url - assumed 'site_url' (this will throw an Error in a future version of PHP)
#0 /var/www/CodeIgni4/app/Views/dino/notes.php(15): CodeIgniter\Debug\Exceptions->errorHandler(2, 'Use of undefine...', '/var/www/CodeIg...', 15, Array)
#1 /var/www/CodeIgni4/vendor/codeigniter4/framework/system/View/View.php(246): include('/var/www/CodeIg...')
#2 /var/www/CodeIgni4/vendor/codeigniter4/framework/system/Common.php(1119): CodeIgniter\View\View->render('dino/notes', Array, true)
#3 /var/www/CodeIgni4/app/Controllers/Dino.php(98): view('dino/notes', Array)
#4 /var/www/CodeIgni4/vendor/codeigniter4/framework/system/CodeIgniter.php(918): App\Controllers\Dino->notes('style.css', '')
#5 /var/www/CodeIgni4/vendor/codeigniter4/framework/system/CodeIgniter.php(404): CodeIgniter\CodeIgniter->runController(Object(App\Controllers\Dino))
#6 /var/www/CodeIgni4/vendor/codeigniter4/framework/system/CodeIgniter.php(312): CodeIgniter\CodeIgniter->handleRequest(NULL, Object(Config\Cache), false)
#7 /var/www/CodeIgni4/public/index.php(45): CodeIgniter\CodeIgniter->run()
#8 /var/www/CodeIgni4/vendor/codeigniter4/framework/system/Commands/Server/rewrite.php(34): require_once('/var/www/CodeIg...')
#9 {main}
CRITICAL - 2020-10-18 13:46:38 --> A non-numeric value encountered
#0 /var/www/CodeIgni4/app/Views/dino/notes.php(15): CodeIgniter\Debug\Exceptions->errorHandler(2, 'A non-numeric v...', '/var/www/CodeIg...', 15, Array)
#1 /var/www/CodeIgni4/vendor/codeigniter4/framework/system/View/View.php(246): include('/var/www/CodeIg...')
#2 /var/www/CodeIgni4/vendor/codeigniter4/framework/system/Common.php(1119): CodeIgniter\View\View->render('dino/notes', Array, true)
#3 /var/www/CodeIgni4/app/Controllers/Dino.php(98): view('dino/notes', Array)
#4 /var/www/CodeIgni4/vendor/codeigniter4/framework/system/CodeIgniter.php(918): App\Controllers\Dino->notes('2', '')
#5 /var/www/CodeIgni4/vendor/codeigniter4/framework/system/CodeIgniter.php(404): CodeIgniter\CodeIgniter->runController(Object(App\Controllers\Dino))
#6 /var/www/CodeIgni4/vendor/codeigniter4/framework/system/CodeIgniter.php(312): CodeIgniter\CodeIgniter->handleRequest(NULL, Object(Config\Cache), false)
#7 /var/www/CodeIgni4/public/index.php(45): CodeIgniter\CodeIgniter->run()
#8 /var/www/CodeIgni4/vendor/codeigniter4/framework/system/Commands/Server/rewrite.php(34): require_once('/var/www/CodeIg...')
#9 {main}
CRITICAL - 2020-10-18 13:46:38 --> A non-numeric value encountered
#0 /var/www/CodeIgni4/app/Views/dino/notes.php(15): CodeIgniter\Debug\Exceptions->errorHandler(2, 'A non-numeric v...', '/var/www/CodeIg...', 15, Array)
#1 /var/www/CodeIgni4/vendor/codeigniter4/framework/system/View/View.php(246): include('/var/www/CodeIg...')
#2 /var/www/CodeIgni4/vendor/codeigniter4/framework/system/Common.php(1119): CodeIgniter\View\View->render('dino/notes', Array, true)
#3 /var/www/CodeIgni4/app/Controllers/Dino.php(98): view('dino/notes', Array)
#4 /var/www/CodeIgni4/vendor/codeigniter4/framework/system/CodeIgniter.php(918): App\Controllers\Dino->notes('style.css', '')
#5 /var/www/CodeIgni4/vendor/codeigniter4/framework/system/CodeIgniter.php(404): CodeIgniter\CodeIgniter->runController(Object(App\Controllers\Dino))
#6 /var/www/CodeIgni4/vendor/codeigniter4/framework/system/CodeIgniter.php(312): CodeIgniter\CodeIgniter->handleRequest(NULL, Object(Config\Cache), false)
#7 /var/www/CodeIgni4/public/index.php(45): CodeIgniter\CodeIgniter->run()
#8 /var/www/CodeIgni4/vendor/codeigniter4/framework/system/Commands/Server/rewrite.php(34): require_once('/var/www/CodeIg...')
#9 {main}
CRITICAL - 2020-10-18 13:47:22 --> count(): Parameter must be an array or an object that implements Countable
#0 /var/www/CodeIgni4/app/Views/dino/notes.php(15): CodeIgniter\Debug\Exceptions->errorHandler(2, 'count(): Parame...', '/var/www/CodeIg...', 15, Array)
#1 /var/www/CodeIgni4/vendor/codeigniter4/framework/system/View/View.php(246): include('/var/www/CodeIg...')
#2 /var/www/CodeIgni4/vendor/codeigniter4/framework/system/Common.php(1119): CodeIgniter\View\View->render('dino/notes', Array, true)
#3 /var/www/CodeIgni4/app/Controllers/Dino.php(98): view('dino/notes', Array)
#4 /var/www/CodeIgni4/vendor/codeigniter4/framework/system/CodeIgniter.php(918): App\Controllers\Dino->notes('2', '')
#5 /var/www/CodeIgni4/vendor/codeigniter4/framework/system/CodeIgniter.php(404): CodeIgniter\CodeIgniter->runController(Object(App\Controllers\Dino))
#6 /var/www/CodeIgni4/vendor/codeigniter4/framework/system/CodeIgniter.php(312): CodeIgniter\CodeIgniter->handleRequest(NULL, Object(Config\Cache), false)
#7 /var/www/CodeIgni4/public/index.php(45): CodeIgniter\CodeIgniter->run()
#8 /var/www/CodeIgni4/vendor/codeigniter4/framework/system/Commands/Server/rewrite.php(34): require_once('/var/www/CodeIg...')
#9 {main}
CRITICAL - 2020-10-18 13:47:22 --> count(): Parameter must be an array or an object that implements Countable
#0 /var/www/CodeIgni4/app/Views/dino/notes.php(15): CodeIgniter\Debug\Exceptions->errorHandler(2, 'count(): Parame...', '/var/www/CodeIg...', 15, Array)
#1 /var/www/CodeIgni4/vendor/codeigniter4/framework/system/View/View.php(246): include('/var/www/CodeIg...')
#2 /var/www/CodeIgni4/vendor/codeigniter4/framework/system/Common.php(1119): CodeIgniter\View\View->render('dino/notes', Array, true)
#3 /var/www/CodeIgni4/app/Controllers/Dino.php(98): view('dino/notes', Array)
#4 /var/www/CodeIgni4/vendor/codeigniter4/framework/system/CodeIgniter.php(918): App\Controllers\Dino->notes('style.css', '')
#5 /var/www/CodeIgni4/vendor/codeigniter4/framework/system/CodeIgniter.php(404): CodeIgniter\CodeIgniter->runController(Object(App\Controllers\Dino))
#6 /var/www/CodeIgni4/vendor/codeigniter4/framework/system/CodeIgniter.php(312): CodeIgniter\CodeIgniter->handleRequest(NULL, Object(Config\Cache), false)
#7 /var/www/CodeIgni4/public/index.php(45): CodeIgniter\CodeIgniter->run()
#8 /var/www/CodeIgni4/vendor/codeigniter4/framework/system/Commands/Server/rewrite.php(34): require_once('/var/www/CodeIg...')
#9 {main}
CRITICAL - 2020-10-18 13:47:29 --> count(): Parameter must be an array or an object that implements Countable
#0 /var/www/CodeIgni4/app/Views/dino/notes.php(15): CodeIgniter\Debug\Exceptions->errorHandler(2, 'count(): Parame...', '/var/www/CodeIg...', 15, Array)
#1 /var/www/CodeIgni4/vendor/codeigniter4/framework/system/View/View.php(246): include('/var/www/CodeIg...')
#2 /var/www/CodeIgni4/vendor/codeigniter4/framework/system/Common.php(1119): CodeIgniter\View\View->render('dino/notes', Array, true)
#3 /var/www/CodeIgni4/app/Controllers/Dino.php(98): view('dino/notes', Array)
#4 /var/www/CodeIgni4/vendor/codeigniter4/framework/system/CodeIgniter.php(918): App\Controllers\Dino->notes('2', '')
#5 /var/www/CodeIgni4/vendor/codeigniter4/framework/system/CodeIgniter.php(404): CodeIgniter\CodeIgniter->runController(Object(App\Controllers\Dino))
#6 /var/www/CodeIgni4/vendor/codeigniter4/framework/system/CodeIgniter.php(312): CodeIgniter\CodeIgniter->handleRequest(NULL, Object(Config\Cache), false)
#7 /var/www/CodeIgni4/public/index.php(45): CodeIgniter\CodeIgniter->run()
#8 /var/www/CodeIgni4/vendor/codeigniter4/framework/system/Commands/Server/rewrite.php(34): require_once('/var/www/CodeIg...')
#9 {main}
CRITICAL - 2020-10-18 13:47:29 --> count(): Parameter must be an array or an object that implements Countable
#0 /var/www/CodeIgni4/app/Views/dino/notes.php(15): CodeIgniter\Debug\Exceptions->errorHandler(2, 'count(): Parame...', '/var/www/CodeIg...', 15, Array)
#1 /var/www/CodeIgni4/vendor/codeigniter4/framework/system/View/View.php(246): include('/var/www/CodeIg...')
#2 /var/www/CodeIgni4/vendor/codeigniter4/framework/system/Common.php(1119): CodeIgniter\View\View->render('dino/notes', Array, true)
#3 /var/www/CodeIgni4/app/Controllers/Dino.php(98): view('dino/notes', Array)
#4 /var/www/CodeIgni4/vendor/codeigniter4/framework/system/CodeIgniter.php(918): App\Controllers\Dino->notes('style.css', '')
#5 /var/www/CodeIgni4/vendor/codeigniter4/framework/system/CodeIgniter.php(404): CodeIgniter\CodeIgniter->runController(Object(App\Controllers\Dino))
#6 /var/www/CodeIgni4/vendor/codeigniter4/framework/system/CodeIgniter.php(312): CodeIgniter\CodeIgniter->handleRequest(NULL, Object(Config\Cache), false)
#7 /var/www/CodeIgni4/public/index.php(45): CodeIgniter\CodeIgniter->run()
#8 /var/www/CodeIgni4/vendor/codeigniter4/framework/system/Commands/Server/rewrite.php(34): require_once('/var/www/CodeIg...')
#9 {main}
