CRITICAL - 2021-01-03 07:33:14 --> Invalid argument supplied for foreach()
#0 /var/www/CodeIgni4/app/Views/templates/header.php(32): CodeIgniter\Debug\Exceptions->errorHandler()
#1 /var/www/CodeIgni4/vendor/codeigniter4/framework/system/View/View.php(246): include('/var/www/CodeIg...')
#2 /var/www/CodeIgni4/vendor/codeigniter4/framework/system/Common.php(1119): CodeIgniter\View\View->render()
#3 /var/www/CodeIgni4/app/Controllers/Dino.php(72): view()
#4 /var/www/CodeIgni4/vendor/codeigniter4/framework/system/CodeIgniter.php(920): App\Controllers\Dino->notes()
#5 /var/www/CodeIgni4/vendor/codeigniter4/framework/system/CodeIgniter.php(406): CodeIgniter\CodeIgniter->runController()
#6 /var/www/CodeIgni4/vendor/codeigniter4/framework/system/CodeIgniter.php(314): CodeIgniter\CodeIgniter->handleRequest()
#7 /var/www/CodeIgni4/public/index.php(45): CodeIgniter\CodeIgniter->run()
#8 /var/www/CodeIgni4/vendor/codeigniter4/framework/system/Commands/Server/rewrite.php(34): require_once('/var/www/CodeIg...')
#9 {main}
CRITICAL - 2021-01-03 07:34:52 --> Invalid argument supplied for foreach()
#0 /var/www/CodeIgni4/app/Views/templates/header.php(32): CodeIgniter\Debug\Exceptions->errorHandler()
#1 /var/www/CodeIgni4/vendor/codeigniter4/framework/system/View/View.php(246): include('/var/www/CodeIg...')
#2 /var/www/CodeIgni4/vendor/codeigniter4/framework/system/Common.php(1119): CodeIgniter\View\View->render()
#3 /var/www/CodeIgni4/app/Controllers/Dino.php(72): view()
#4 /var/www/CodeIgni4/vendor/codeigniter4/framework/system/CodeIgniter.php(920): App\Controllers\Dino->notes()
#5 /var/www/CodeIgni4/vendor/codeigniter4/framework/system/CodeIgniter.php(406): CodeIgniter\CodeIgniter->runController()
#6 /var/www/CodeIgni4/vendor/codeigniter4/framework/system/CodeIgniter.php(314): CodeIgniter\CodeIgniter->handleRequest()
#7 /var/www/CodeIgni4/public/index.php(45): CodeIgniter\CodeIgniter->run()
#8 /var/www/CodeIgni4/vendor/codeigniter4/framework/system/Commands/Server/rewrite.php(34): require_once('/var/www/CodeIg...')
#9 {main}
CRITICAL - 2021-01-03 07:35:02 --> Invalid argument supplied for foreach()
#0 /var/www/CodeIgni4/app/Views/templates/header.php(32): CodeIgniter\Debug\Exceptions->errorHandler()
#1 /var/www/CodeIgni4/vendor/codeigniter4/framework/system/View/View.php(246): include('/var/www/CodeIg...')
#2 /var/www/CodeIgni4/vendor/codeigniter4/framework/system/Common.php(1119): CodeIgniter\View\View->render()
#3 /var/www/CodeIgni4/app/Controllers/Dino.php(38): view()
#4 /var/www/CodeIgni4/vendor/codeigniter4/framework/system/CodeIgniter.php(920): App\Controllers\Dino->site()
#5 /var/www/CodeIgni4/vendor/codeigniter4/framework/system/CodeIgniter.php(406): CodeIgniter\CodeIgniter->runController()
#6 /var/www/CodeIgni4/vendor/codeigniter4/framework/system/CodeIgniter.php(314): CodeIgniter\CodeIgniter->handleRequest()
#7 /var/www/CodeIgni4/public/index.php(45): CodeIgniter\CodeIgniter->run()
#8 /var/www/CodeIgni4/vendor/codeigniter4/framework/system/Commands/Server/rewrite.php(34): require_once('/var/www/CodeIg...')
#9 {main}
CRITICAL - 2021-01-03 07:35:10 --> Invalid argument supplied for foreach()
#0 /var/www/CodeIgni4/app/Views/templates/header.php(32): CodeIgniter\Debug\Exceptions->errorHandler()
#1 /var/www/CodeIgni4/vendor/codeigniter4/framework/system/View/View.php(246): include('/var/www/CodeIg...')
#2 /var/www/CodeIgni4/vendor/codeigniter4/framework/system/Common.php(1119): CodeIgniter\View\View->render()
#3 /var/www/CodeIgni4/app/Controllers/Dino.php(38): view()
#4 /var/www/CodeIgni4/vendor/codeigniter4/framework/system/CodeIgniter.php(920): App\Controllers\Dino->site()
#5 /var/www/CodeIgni4/vendor/codeigniter4/framework/system/CodeIgniter.php(406): CodeIgniter\CodeIgniter->runController()
#6 /var/www/CodeIgni4/vendor/codeigniter4/framework/system/CodeIgniter.php(314): CodeIgniter\CodeIgniter->handleRequest()
#7 /var/www/CodeIgni4/public/index.php(45): CodeIgniter\CodeIgniter->run()
#8 /var/www/CodeIgni4/vendor/codeigniter4/framework/system/Commands/Server/rewrite.php(34): require_once('/var/www/CodeIg...')
#9 {main}
CRITICAL - 2021-01-03 07:36:01 --> Invalid argument supplied for foreach()
#0 /var/www/CodeIgni4/app/Views/templates/header.php(32): CodeIgniter\Debug\Exceptions->errorHandler()
#1 /var/www/CodeIgni4/vendor/codeigniter4/framework/system/View/View.php(246): include('/var/www/CodeIg...')
#2 /var/www/CodeIgni4/vendor/codeigniter4/framework/system/Common.php(1119): CodeIgniter\View\View->render()
#3 /var/www/CodeIgni4/app/Controllers/Dino.php(38): view()
#4 /var/www/CodeIgni4/vendor/codeigniter4/framework/system/CodeIgniter.php(920): App\Controllers\Dino->site()
#5 /var/www/CodeIgni4/vendor/codeigniter4/framework/system/CodeIgniter.php(406): CodeIgniter\CodeIgniter->runController()
#6 /var/www/CodeIgni4/vendor/codeigniter4/framework/system/CodeIgniter.php(314): CodeIgniter\CodeIgniter->handleRequest()
#7 /var/www/CodeIgni4/public/index.php(45): CodeIgniter\CodeIgniter->run()
#8 /var/www/CodeIgni4/vendor/codeigniter4/framework/system/Commands/Server/rewrite.php(34): require_once('/var/www/CodeIg...')
#9 {main}
CRITICAL - 2021-01-03 07:36:13 --> Invalid argument supplied for foreach()
#0 /var/www/CodeIgni4/app/Views/templates/header.php(32): CodeIgniter\Debug\Exceptions->errorHandler()
#1 /var/www/CodeIgni4/vendor/codeigniter4/framework/system/View/View.php(246): include('/var/www/CodeIg...')
#2 /var/www/CodeIgni4/vendor/codeigniter4/framework/system/Common.php(1119): CodeIgniter\View\View->render()
#3 /var/www/CodeIgni4/app/Controllers/Dino.php(38): view()
#4 /var/www/CodeIgni4/vendor/codeigniter4/framework/system/CodeIgniter.php(920): App\Controllers\Dino->site()
#5 /var/www/CodeIgni4/vendor/codeigniter4/framework/system/CodeIgniter.php(406): CodeIgniter\CodeIgniter->runController()
#6 /var/www/CodeIgni4/vendor/codeigniter4/framework/system/CodeIgniter.php(314): CodeIgniter\CodeIgniter->handleRequest()
#7 /var/www/CodeIgni4/public/index.php(45): CodeIgniter\CodeIgniter->run()
#8 /var/www/CodeIgni4/vendor/codeigniter4/framework/system/Commands/Server/rewrite.php(34): require_once('/var/www/CodeIg...')
#9 {main}
CRITICAL - 2021-01-03 07:52:33 --> Invalid argument supplied for foreach()
#0 /var/www/CodeIgni4/app/Views/templates/header.php(29): CodeIgniter\Debug\Exceptions->errorHandler()
#1 /var/www/CodeIgni4/vendor/codeigniter4/framework/system/View/View.php(246): include('/var/www/CodeIg...')
#2 /var/www/CodeIgni4/vendor/codeigniter4/framework/system/Common.php(1119): CodeIgniter\View\View->render()
#3 /var/www/CodeIgni4/app/Controllers/Dino.php(38): view()
#4 /var/www/CodeIgni4/vendor/codeigniter4/framework/system/CodeIgniter.php(920): App\Controllers\Dino->site()
#5 /var/www/CodeIgni4/vendor/codeigniter4/framework/system/CodeIgniter.php(406): CodeIgniter\CodeIgniter->runController()
#6 /var/www/CodeIgni4/vendor/codeigniter4/framework/system/CodeIgniter.php(314): CodeIgniter\CodeIgniter->handleRequest()
#7 /var/www/CodeIgni4/public/index.php(45): CodeIgniter\CodeIgniter->run()
#8 /var/www/CodeIgni4/vendor/codeigniter4/framework/system/Commands/Server/rewrite.php(34): require_once('/var/www/CodeIg...')
#9 {main}
CRITICAL - 2021-01-03 07:52:35 --> Invalid argument supplied for foreach()
#0 /var/www/CodeIgni4/app/Views/templates/header.php(29): CodeIgniter\Debug\Exceptions->errorHandler()
#1 /var/www/CodeIgni4/vendor/codeigniter4/framework/system/View/View.php(246): include('/var/www/CodeIg...')
#2 /var/www/CodeIgni4/vendor/codeigniter4/framework/system/Common.php(1119): CodeIgniter\View\View->render()
#3 /var/www/CodeIgni4/app/Controllers/Dino.php(38): view()
#4 /var/www/CodeIgni4/vendor/codeigniter4/framework/system/CodeIgniter.php(920): App\Controllers\Dino->site()
#5 /var/www/CodeIgni4/vendor/codeigniter4/framework/system/CodeIgniter.php(406): CodeIgniter\CodeIgniter->runController()
#6 /var/www/CodeIgni4/vendor/codeigniter4/framework/system/CodeIgniter.php(314): CodeIgniter\CodeIgniter->handleRequest()
#7 /var/www/CodeIgni4/public/index.php(45): CodeIgniter\CodeIgniter->run()
#8 /var/www/CodeIgni4/vendor/codeigniter4/framework/system/Commands/Server/rewrite.php(34): require_once('/var/www/CodeIg...')
#9 {main}
CRITICAL - 2021-01-03 07:52:45 --> Invalid argument supplied for foreach()
#0 /var/www/CodeIgni4/app/Views/templates/header.php(29): CodeIgniter\Debug\Exceptions->errorHandler()
#1 /var/www/CodeIgni4/vendor/codeigniter4/framework/system/View/View.php(246): include('/var/www/CodeIg...')
#2 /var/www/CodeIgni4/vendor/codeigniter4/framework/system/Common.php(1119): CodeIgniter\View\View->render()
#3 /var/www/CodeIgni4/app/Controllers/Dino.php(38): view()
#4 /var/www/CodeIgni4/vendor/codeigniter4/framework/system/CodeIgniter.php(920): App\Controllers\Dino->site()
#5 /var/www/CodeIgni4/vendor/codeigniter4/framework/system/CodeIgniter.php(406): CodeIgniter\CodeIgniter->runController()
#6 /var/www/CodeIgni4/vendor/codeigniter4/framework/system/CodeIgniter.php(314): CodeIgniter\CodeIgniter->handleRequest()
#7 /var/www/CodeIgni4/public/index.php(45): CodeIgniter\CodeIgniter->run()
#8 /var/www/CodeIgni4/vendor/codeigniter4/framework/system/Commands/Server/rewrite.php(34): require_once('/var/www/CodeIg...')
#9 {main}
CRITICAL - 2021-01-03 07:57:22 --> Invalid argument supplied for foreach()
#0 /var/www/CodeIgni4/app/Views/templates/header.php(29): CodeIgniter\Debug\Exceptions->errorHandler()
#1 /var/www/CodeIgni4/vendor/codeigniter4/framework/system/View/View.php(246): include('/var/www/CodeIg...')
#2 /var/www/CodeIgni4/vendor/codeigniter4/framework/system/Common.php(1119): CodeIgniter\View\View->render()
#3 /var/www/CodeIgni4/app/Controllers/Dino.php(38): view()
#4 /var/www/CodeIgni4/vendor/codeigniter4/framework/system/CodeIgniter.php(920): App\Controllers\Dino->site()
#5 /var/www/CodeIgni4/vendor/codeigniter4/framework/system/CodeIgniter.php(406): CodeIgniter\CodeIgniter->runController()
#6 /var/www/CodeIgni4/vendor/codeigniter4/framework/system/CodeIgniter.php(314): CodeIgniter\CodeIgniter->handleRequest()
#7 /var/www/CodeIgni4/public/index.php(45): CodeIgniter\CodeIgniter->run()
#8 /var/www/CodeIgni4/vendor/codeigniter4/framework/system/Commands/Server/rewrite.php(34): require_once('/var/www/CodeIg...')
#9 {main}
CRITICAL - 2021-01-03 07:59:26 --> Invalid argument supplied for foreach()
#0 /var/www/CodeIgni4/app/Views/templates/header.php(29): CodeIgniter\Debug\Exceptions->errorHandler()
#1 /var/www/CodeIgni4/vendor/codeigniter4/framework/system/View/View.php(246): include('/var/www/CodeIg...')
#2 /var/www/CodeIgni4/vendor/codeigniter4/framework/system/Common.php(1119): CodeIgniter\View\View->render()
#3 /var/www/CodeIgni4/app/Controllers/Dino.php(38): view()
#4 /var/www/CodeIgni4/vendor/codeigniter4/framework/system/CodeIgniter.php(920): App\Controllers\Dino->site()
#5 /var/www/CodeIgni4/vendor/codeigniter4/framework/system/CodeIgniter.php(406): CodeIgniter\CodeIgniter->runController()
#6 /var/www/CodeIgni4/vendor/codeigniter4/framework/system/CodeIgniter.php(314): CodeIgniter\CodeIgniter->handleRequest()
#7 /var/www/CodeIgni4/public/index.php(45): CodeIgniter\CodeIgniter->run()
#8 /var/www/CodeIgni4/vendor/codeigniter4/framework/system/Commands/Server/rewrite.php(34): require_once('/var/www/CodeIg...')
#9 {main}
CRITICAL - 2021-01-03 07:59:28 --> Invalid argument supplied for foreach()
#0 /var/www/CodeIgni4/app/Views/templates/header.php(29): CodeIgniter\Debug\Exceptions->errorHandler()
#1 /var/www/CodeIgni4/vendor/codeigniter4/framework/system/View/View.php(246): include('/var/www/CodeIg...')
#2 /var/www/CodeIgni4/vendor/codeigniter4/framework/system/Common.php(1119): CodeIgniter\View\View->render()
#3 /var/www/CodeIgni4/app/Controllers/Dino.php(38): view()
#4 /var/www/CodeIgni4/vendor/codeigniter4/framework/system/CodeIgniter.php(920): App\Controllers\Dino->site()
#5 /var/www/CodeIgni4/vendor/codeigniter4/framework/system/CodeIgniter.php(406): CodeIgniter\CodeIgniter->runController()
#6 /var/www/CodeIgni4/vendor/codeigniter4/framework/system/CodeIgniter.php(314): CodeIgniter\CodeIgniter->handleRequest()
#7 /var/www/CodeIgni4/public/index.php(45): CodeIgniter\CodeIgniter->run()
#8 /var/www/CodeIgni4/vendor/codeigniter4/framework/system/Commands/Server/rewrite.php(34): require_once('/var/www/CodeIg...')
#9 {main}
CRITICAL - 2021-01-03 07:59:30 --> Invalid argument supplied for foreach()
#0 /var/www/CodeIgni4/app/Views/templates/header.php(29): CodeIgniter\Debug\Exceptions->errorHandler()
#1 /var/www/CodeIgni4/vendor/codeigniter4/framework/system/View/View.php(246): include('/var/www/CodeIg...')
#2 /var/www/CodeIgni4/vendor/codeigniter4/framework/system/Common.php(1119): CodeIgniter\View\View->render()
#3 /var/www/CodeIgni4/app/Controllers/Dino.php(38): view()
#4 /var/www/CodeIgni4/vendor/codeigniter4/framework/system/CodeIgniter.php(920): App\Controllers\Dino->site()
#5 /var/www/CodeIgni4/vendor/codeigniter4/framework/system/CodeIgniter.php(406): CodeIgniter\CodeIgniter->runController()
#6 /var/www/CodeIgni4/vendor/codeigniter4/framework/system/CodeIgniter.php(314): CodeIgniter\CodeIgniter->handleRequest()
#7 /var/www/CodeIgni4/public/index.php(45): CodeIgniter\CodeIgniter->run()
#8 /var/www/CodeIgni4/vendor/codeigniter4/framework/system/Commands/Server/rewrite.php(34): require_once('/var/www/CodeIg...')
#9 {main}
CRITICAL - 2021-01-03 07:59:34 --> Invalid argument supplied for foreach()
#0 /var/www/CodeIgni4/app/Views/templates/header.php(29): CodeIgniter\Debug\Exceptions->errorHandler()
#1 /var/www/CodeIgni4/vendor/codeigniter4/framework/system/View/View.php(246): include('/var/www/CodeIg...')
#2 /var/www/CodeIgni4/vendor/codeigniter4/framework/system/Common.php(1119): CodeIgniter\View\View->render()
#3 /var/www/CodeIgni4/app/Controllers/Dino.php(72): view()
#4 /var/www/CodeIgni4/vendor/codeigniter4/framework/system/CodeIgniter.php(920): App\Controllers\Dino->notes()
#5 /var/www/CodeIgni4/vendor/codeigniter4/framework/system/CodeIgniter.php(406): CodeIgniter\CodeIgniter->runController()
#6 /var/www/CodeIgni4/vendor/codeigniter4/framework/system/CodeIgniter.php(314): CodeIgniter\CodeIgniter->handleRequest()
#7 /var/www/CodeIgni4/public/index.php(45): CodeIgniter\CodeIgniter->run()
#8 /var/www/CodeIgni4/vendor/codeigniter4/framework/system/Commands/Server/rewrite.php(34): require_once('/var/www/CodeIg...')
#9 {main}
CRITICAL - 2021-01-03 08:01:10 --> Invalid argument supplied for foreach()
#0 /var/www/CodeIgni4/app/Views/templates/header.php(29): CodeIgniter\Debug\Exceptions->errorHandler()
#1 /var/www/CodeIgni4/vendor/codeigniter4/framework/system/View/View.php(246): include('/var/www/CodeIg...')
#2 /var/www/CodeIgni4/vendor/codeigniter4/framework/system/Common.php(1119): CodeIgniter\View\View->render()
#3 /var/www/CodeIgni4/app/Controllers/Dino.php(38): view()
#4 /var/www/CodeIgni4/vendor/codeigniter4/framework/system/CodeIgniter.php(920): App\Controllers\Dino->site()
#5 /var/www/CodeIgni4/vendor/codeigniter4/framework/system/CodeIgniter.php(406): CodeIgniter\CodeIgniter->runController()
#6 /var/www/CodeIgni4/vendor/codeigniter4/framework/system/CodeIgniter.php(314): CodeIgniter\CodeIgniter->handleRequest()
#7 /var/www/CodeIgni4/public/index.php(45): CodeIgniter\CodeIgniter->run()
#8 /var/www/CodeIgni4/vendor/codeigniter4/framework/system/Commands/Server/rewrite.php(34): require_once('/var/www/CodeIg...')
#9 {main}
CRITICAL - 2021-01-03 08:01:16 --> Invalid argument supplied for foreach()
#0 /var/www/CodeIgni4/app/Views/templates/header.php(29): CodeIgniter\Debug\Exceptions->errorHandler()
#1 /var/www/CodeIgni4/vendor/codeigniter4/framework/system/View/View.php(246): include('/var/www/CodeIg...')
#2 /var/www/CodeIgni4/vendor/codeigniter4/framework/system/Common.php(1119): CodeIgniter\View\View->render()
#3 /var/www/CodeIgni4/app/Controllers/Dino.php(38): view()
#4 /var/www/CodeIgni4/vendor/codeigniter4/framework/system/CodeIgniter.php(920): App\Controllers\Dino->site()
#5 /var/www/CodeIgni4/vendor/codeigniter4/framework/system/CodeIgniter.php(406): CodeIgniter\CodeIgniter->runController()
#6 /var/www/CodeIgni4/vendor/codeigniter4/framework/system/CodeIgniter.php(314): CodeIgniter\CodeIgniter->handleRequest()
#7 /var/www/CodeIgni4/public/index.php(45): CodeIgniter\CodeIgniter->run()
#8 /var/www/CodeIgni4/vendor/codeigniter4/framework/system/Commands/Server/rewrite.php(34): require_once('/var/www/CodeIg...')
#9 {main}
CRITICAL - 2021-01-03 08:01:18 --> Invalid argument supplied for foreach()
#0 /var/www/CodeIgni4/app/Views/templates/header.php(29): CodeIgniter\Debug\Exceptions->errorHandler()
#1 /var/www/CodeIgni4/vendor/codeigniter4/framework/system/View/View.php(246): include('/var/www/CodeIg...')
#2 /var/www/CodeIgni4/vendor/codeigniter4/framework/system/Common.php(1119): CodeIgniter\View\View->render()
#3 /var/www/CodeIgni4/app/Controllers/Dino.php(38): view()
#4 /var/www/CodeIgni4/vendor/codeigniter4/framework/system/CodeIgniter.php(920): App\Controllers\Dino->site()
#5 /var/www/CodeIgni4/vendor/codeigniter4/framework/system/CodeIgniter.php(406): CodeIgniter\CodeIgniter->runController()
#6 /var/www/CodeIgni4/vendor/codeigniter4/framework/system/CodeIgniter.php(314): CodeIgniter\CodeIgniter->handleRequest()
#7 /var/www/CodeIgni4/public/index.php(45): CodeIgniter\CodeIgniter->run()
#8 /var/www/CodeIgni4/vendor/codeigniter4/framework/system/Commands/Server/rewrite.php(34): require_once('/var/www/CodeIg...')
#9 {main}
CRITICAL - 2021-01-03 08:06:33 --> Invalid argument supplied for foreach()
#0 /var/www/CodeIgni4/app/Views/templates/header.php(29): CodeIgniter\Debug\Exceptions->errorHandler()
#1 /var/www/CodeIgni4/vendor/codeigniter4/framework/system/View/View.php(246): include('/var/www/CodeIg...')
#2 /var/www/CodeIgni4/vendor/codeigniter4/framework/system/Common.php(1119): CodeIgniter\View\View->render()
#3 /var/www/CodeIgni4/app/Controllers/Dino.php(38): view()
#4 /var/www/CodeIgni4/vendor/codeigniter4/framework/system/CodeIgniter.php(920): App\Controllers\Dino->site()
#5 /var/www/CodeIgni4/vendor/codeigniter4/framework/system/CodeIgniter.php(406): CodeIgniter\CodeIgniter->runController()
#6 /var/www/CodeIgni4/vendor/codeigniter4/framework/system/CodeIgniter.php(314): CodeIgniter\CodeIgniter->handleRequest()
#7 /var/www/CodeIgni4/public/index.php(45): CodeIgniter\CodeIgniter->run()
#8 /var/www/CodeIgni4/vendor/codeigniter4/framework/system/Commands/Server/rewrite.php(34): require_once('/var/www/CodeIg...')
#9 {main}
CRITICAL - 2021-01-03 08:08:22 --> Invalid argument supplied for foreach()
#0 /var/www/CodeIgni4/app/Views/templates/header.php(29): CodeIgniter\Debug\Exceptions->errorHandler()
#1 /var/www/CodeIgni4/vendor/codeigniter4/framework/system/View/View.php(246): include('/var/www/CodeIg...')
#2 /var/www/CodeIgni4/vendor/codeigniter4/framework/system/Common.php(1119): CodeIgniter\View\View->render()
#3 /var/www/CodeIgni4/app/Controllers/Dino.php(38): view()
#4 /var/www/CodeIgni4/vendor/codeigniter4/framework/system/CodeIgniter.php(920): App\Controllers\Dino->site()
#5 /var/www/CodeIgni4/vendor/codeigniter4/framework/system/CodeIgniter.php(406): CodeIgniter\CodeIgniter->runController()
#6 /var/www/CodeIgni4/vendor/codeigniter4/framework/system/CodeIgniter.php(314): CodeIgniter\CodeIgniter->handleRequest()
#7 /var/www/CodeIgni4/public/index.php(45): CodeIgniter\CodeIgniter->run()
#8 /var/www/CodeIgni4/vendor/codeigniter4/framework/system/Commands/Server/rewrite.php(34): require_once('/var/www/CodeIg...')
#9 {main}
CRITICAL - 2021-01-03 08:08:32 --> Invalid argument supplied for foreach()
#0 /var/www/CodeIgni4/app/Views/templates/header.php(29): CodeIgniter\Debug\Exceptions->errorHandler()
#1 /var/www/CodeIgni4/vendor/codeigniter4/framework/system/View/View.php(246): include('/var/www/CodeIg...')
#2 /var/www/CodeIgni4/vendor/codeigniter4/framework/system/Common.php(1119): CodeIgniter\View\View->render()
#3 /var/www/CodeIgni4/app/Controllers/Dino.php(38): view()
#4 /var/www/CodeIgni4/vendor/codeigniter4/framework/system/CodeIgniter.php(920): App\Controllers\Dino->site()
#5 /var/www/CodeIgni4/vendor/codeigniter4/framework/system/CodeIgniter.php(406): CodeIgniter\CodeIgniter->runController()
#6 /var/www/CodeIgni4/vendor/codeigniter4/framework/system/CodeIgniter.php(314): CodeIgniter\CodeIgniter->handleRequest()
#7 /var/www/CodeIgni4/public/index.php(45): CodeIgniter\CodeIgniter->run()
#8 /var/www/CodeIgni4/vendor/codeigniter4/framework/system/Commands/Server/rewrite.php(34): require_once('/var/www/CodeIg...')
#9 {main}
CRITICAL - 2021-01-03 09:40:59 --> Invalid argument supplied for foreach()
#0 /var/www/CodeIgni4/app/Views/templates/header.php(23): CodeIgniter\Debug\Exceptions->errorHandler()
#1 /var/www/CodeIgni4/vendor/codeigniter4/framework/system/View/View.php(246): include('/var/www/CodeIg...')
#2 /var/www/CodeIgni4/vendor/codeigniter4/framework/system/Common.php(1119): CodeIgniter\View\View->render()
#3 /var/www/CodeIgni4/app/Controllers/Dino.php(38): view()
#4 /var/www/CodeIgni4/vendor/codeigniter4/framework/system/CodeIgniter.php(920): App\Controllers\Dino->site()
#5 /var/www/CodeIgni4/vendor/codeigniter4/framework/system/CodeIgniter.php(406): CodeIgniter\CodeIgniter->runController()
#6 /var/www/CodeIgni4/vendor/codeigniter4/framework/system/CodeIgniter.php(314): CodeIgniter\CodeIgniter->handleRequest()
#7 /var/www/CodeIgni4/public/index.php(45): CodeIgniter\CodeIgniter->run()
#8 /var/www/CodeIgni4/vendor/codeigniter4/framework/system/Commands/Server/rewrite.php(34): require_once('/var/www/CodeIg...')
#9 {main}
CRITICAL - 2021-01-03 09:41:47 --> Invalid argument supplied for foreach()
#0 /var/www/CodeIgni4/app/Views/templates/header.php(25): CodeIgniter\Debug\Exceptions->errorHandler()
#1 /var/www/CodeIgni4/vendor/codeigniter4/framework/system/View/View.php(246): include('/var/www/CodeIg...')
#2 /var/www/CodeIgni4/vendor/codeigniter4/framework/system/Common.php(1119): CodeIgniter\View\View->render()
#3 /var/www/CodeIgni4/app/Controllers/Dino.php(38): view()
#4 /var/www/CodeIgni4/vendor/codeigniter4/framework/system/CodeIgniter.php(920): App\Controllers\Dino->site()
#5 /var/www/CodeIgni4/vendor/codeigniter4/framework/system/CodeIgniter.php(406): CodeIgniter\CodeIgniter->runController()
#6 /var/www/CodeIgni4/vendor/codeigniter4/framework/system/CodeIgniter.php(314): CodeIgniter\CodeIgniter->handleRequest()
#7 /var/www/CodeIgni4/public/index.php(45): CodeIgniter\CodeIgniter->run()
#8 /var/www/CodeIgni4/vendor/codeigniter4/framework/system/Commands/Server/rewrite.php(34): require_once('/var/www/CodeIg...')
#9 {main}
CRITICAL - 2021-01-03 09:44:46 --> Invalid argument supplied for foreach()
#0 /var/www/CodeIgni4/app/Views/templates/header.php(26): CodeIgniter\Debug\Exceptions->errorHandler()
#1 /var/www/CodeIgni4/vendor/codeigniter4/framework/system/View/View.php(246): include('/var/www/CodeIg...')
#2 /var/www/CodeIgni4/vendor/codeigniter4/framework/system/Common.php(1119): CodeIgniter\View\View->render()
#3 /var/www/CodeIgni4/app/Controllers/Dino.php(38): view()
#4 /var/www/CodeIgni4/vendor/codeigniter4/framework/system/CodeIgniter.php(920): App\Controllers\Dino->site()
#5 /var/www/CodeIgni4/vendor/codeigniter4/framework/system/CodeIgniter.php(406): CodeIgniter\CodeIgniter->runController()
#6 /var/www/CodeIgni4/vendor/codeigniter4/framework/system/CodeIgniter.php(314): CodeIgniter\CodeIgniter->handleRequest()
#7 /var/www/CodeIgni4/public/index.php(45): CodeIgniter\CodeIgniter->run()
#8 /var/www/CodeIgni4/vendor/codeigniter4/framework/system/Commands/Server/rewrite.php(34): require_once('/var/www/CodeIg...')
#9 {main}
CRITICAL - 2021-01-03 09:44:53 --> Invalid argument supplied for foreach()
#0 /var/www/CodeIgni4/app/Views/templates/header.php(26): CodeIgniter\Debug\Exceptions->errorHandler()
#1 /var/www/CodeIgni4/vendor/codeigniter4/framework/system/View/View.php(246): include('/var/www/CodeIg...')
#2 /var/www/CodeIgni4/vendor/codeigniter4/framework/system/Common.php(1119): CodeIgniter\View\View->render()
#3 /var/www/CodeIgni4/app/Controllers/Dino.php(38): view()
#4 /var/www/CodeIgni4/vendor/codeigniter4/framework/system/CodeIgniter.php(920): App\Controllers\Dino->site()
#5 /var/www/CodeIgni4/vendor/codeigniter4/framework/system/CodeIgniter.php(406): CodeIgniter\CodeIgniter->runController()
#6 /var/www/CodeIgni4/vendor/codeigniter4/framework/system/CodeIgniter.php(314): CodeIgniter\CodeIgniter->handleRequest()
#7 /var/www/CodeIgni4/public/index.php(45): CodeIgniter\CodeIgniter->run()
#8 /var/www/CodeIgni4/vendor/codeigniter4/framework/system/Commands/Server/rewrite.php(34): require_once('/var/www/CodeIg...')
#9 {main}
